2018-12-11 21:07:55,410 - hot_tub - INFO - [['0:00', '0:30'], ['2:00', '2:30'], ['6:00', '6:30'], ['6:00', '6:30'], ['10:00', '10:30'], ['14:00', '14:30'], ['18:00', '18:30'], ['', ''], ['', ''], ['', ''], ['', ''], ['', ''], ['', ''], ['', ''], ['', ''], ['', ''], ['', ''], ['', ''], ['', ''], ['', ''], ['', ''], ['', ''], ['', ''], ['', ''], ['', ''], ['', ''], ['', ''], ['', ''], ['', ''], ['', ''], ['', ''], ['', ''], ['', ''], ['', ''], ['', ''], ['', ''], ['', ''], ['', ''], ['', ''], ['', ''], ['', ''], ['', ''], ['', ''], ['', ''], ['', ''], ['', ''], ['', ''], ['', ''], ['', ''], ['', ''], ['', ''], ['', ''], ['', ''], ['', ''], ['', ''], ['', ''], ['', ''], ['', ''], ['', ''], ['', ''], ['', ''], ['', ''], ['', ''], ['', ''], ['', ''], ['', ''], ['', ''], ['', ''], ['', ''], ['', ''], ['', ''], ['', ''], ['', ''], ['', ''], ['', ''], ['', ''], ['', ''], ['', ''], ['', ''], ['', ''], ['', ''], ['', ''], ['', '']]
2018-12-11 21:07:55,410 - hot_tub - INFO - [['0:00', '0:30'], ['2:00', '2:30'], ['6:00', '6:30'], ['6:00', '6:30'], ['10:00', '10:30'], ['14:00', '14:30'], ['18:00', '18:30'], ['', ''], ['', ''], ['', ''], ['', ''], ['', ''], ['', ''], ['', ''], ['', ''], ['', ''], ['', ''], ['', ''], ['', ''], ['', ''], ['', ''], ['', ''], ['', ''], ['', ''], ['', ''], ['', ''], ['', ''], ['', ''], ['', ''], ['', ''], ['', ''], ['', ''], ['', ''], ['', ''], ['', ''], ['', ''], ['', ''], ['', ''], ['', ''], ['', ''], ['', ''], ['', ''], ['', ''], ['', ''], ['', ''], ['', ''], ['', ''], ['', ''], ['', ''], ['', ''], ['', ''], ['', ''], ['', ''], ['', ''], ['', ''], ['', ''], ['', ''], ['', ''], ['', ''], ['', ''], ['', ''], ['', ''], ['', ''], ['', ''], ['', ''], ['', ''], ['', ''], ['', ''], ['', ''], ['', ''], ['', ''], ['', ''], ['', ''], ['', ''], ['', ''], ['', ''], ['', ''], ['', ''], ['', ''], ['', ''], ['', ''], ['', ''], ['', '']]
2018-12-11 21:08:59,306 - hot_tub - INFO - [['0:00', '0:30'], ['2:00', '2:30'], ['6:00', '6:30'], ['6:00', '6:30'], ['10:00', '10:30'], ['14:00', '14:30'], ['18:00', '18:30']]
2018-12-11 21:08:59,306 - hot_tub - INFO - [['0:00', '0:30'], ['2:00', '2:30'], ['6:00', '6:30'], ['6:00', '6:30'], ['10:00', '10:30'], ['14:00', '14:30'], ['18:00', '18:30']]
2018-12-11 21:09:49,534 - hot_tub - INFO - Turn On
2018-12-11 21:09:49,534 - hot_tub - INFO - Turn On
2018-12-11 21:10:52,970 - hot_tub - INFO - Turn On
2018-12-11 21:10:52,970 - hot_tub - INFO - Turn On
2018-12-11 21:12:47,248 - hot_tub - INFO - Turn On
2018-12-11 21:12:47,248 - hot_tub - INFO - Turn On
2018-12-11 21:12:50,320 - hot_tub - INFO - 102
2018-12-11 21:12:50,320 - hot_tub - INFO - 102
2018-12-11 21:12:53,393 - hot_tub - INFO - [['0:00', '0:30'], ['2:00', '2:30'], ['6:00', '6:30'], ['6:00', '6:30'], ['10:00', '10:30'], ['14:00', '14:30'], ['18:00', '18:30']]
2018-12-11 21:12:53,393 - hot_tub - INFO - [['0:00', '0:30'], ['2:00', '2:30'], ['6:00', '6:30'], ['6:00', '6:30'], ['10:00', '10:30'], ['14:00', '14:30'], ['18:00', '18:30']]
2018-12-11 21:14:17,370 - hot_tub - INFO - Turn On
2018-12-11 21:14:17,370 - hot_tub - INFO - Turn On
2018-12-11 21:14:20,504 - hot_tub - INFO - 102
2018-12-11 21:14:20,504 - hot_tub - INFO - 102
2018-12-11 21:15:08,866 - hot_tub - INFO - Turn On
2018-12-11 21:15:08,866 - hot_tub - INFO - Turn On
2018-12-11 21:15:12,056 - hot_tub - INFO - 102
2018-12-11 21:15:12,056 - hot_tub - INFO - 102
2018-12-11 21:15:50,149 - hot_tub - INFO - Turn On
2018-12-11 21:15:50,149 - hot_tub - INFO - Turn On
2018-12-11 21:15:53,214 - hot_tub - INFO - 102
2018-12-11 21:15:53,214 - hot_tub - INFO - 102
2018-12-11 21:15:56,187 - hot_tub - INFO - [[time.struct_time(tm_year=1900, tm_mon=1, tm_mday=1, tm_hour=0, tm_min=0, tm_sec=0, tm_wday=0, tm_yday=1, tm_isdst=-1), time.struct_time(tm_year=1900, tm_mon=1, tm_mday=1, tm_hour=0, tm_min=30, tm_sec=0, tm_wday=0, tm_yday=1, tm_isdst=-1)], [time.struct_time(tm_year=1900, tm_mon=1, tm_mday=1, tm_hour=2, tm_min=0, tm_sec=0, tm_wday=0, tm_yday=1, tm_isdst=-1), time.struct_time(tm_year=1900, tm_mon=1, tm_mday=1, tm_hour=2, tm_min=30, tm_sec=0, tm_wday=0, tm_yday=1, tm_isdst=-1)], [time.struct_time(tm_year=1900, tm_mon=1, tm_mday=1, tm_hour=6, tm_min=0, tm_sec=0, tm_wday=0, tm_yday=1, tm_isdst=-1), time.struct_time(tm_year=1900, tm_mon=1, tm_mday=1, tm_hour=6, tm_min=30, tm_sec=0, tm_wday=0, tm_yday=1, tm_isdst=-1)], [time.struct_time(tm_year=1900, tm_mon=1, tm_mday=1, tm_hour=6, tm_min=0, tm_sec=0, tm_wday=0, tm_yday=1, tm_isdst=-1), time.struct_time(tm_year=1900, tm_mon=1, tm_mday=1, tm_hour=6, tm_min=30, tm_sec=0, tm_wday=0, tm_yday=1, tm_isdst=-1)], [time.struct_time(tm_year=1900, tm_mon=1, tm_mday=1, tm_hour=10, tm_min=0, tm_sec=0, tm_wday=0, tm_yday=1, tm_isdst=-1), time.struct_time(tm_year=1900, tm_mon=1, tm_mday=1, tm_hour=10, tm_min=30, tm_sec=0, tm_wday=0, tm_yday=1, tm_isdst=-1)], [time.struct_time(tm_year=1900, tm_mon=1, tm_mday=1, tm_hour=14, tm_min=0, tm_sec=0, tm_wday=0, tm_yday=1, tm_isdst=-1), time.struct_time(tm_year=1900, tm_mon=1, tm_mday=1, tm_hour=14, tm_min=30, tm_sec=0, tm_wday=0, tm_yday=1, tm_isdst=-1)], [time.struct_time(tm_year=1900, tm_mon=1, tm_mday=1, tm_hour=18, tm_min=0, tm_sec=0, tm_wday=0, tm_yday=1, tm_isdst=-1), time.struct_time(tm_year=1900, tm_mon=1, tm_mday=1, tm_hour=18, tm_min=30, tm_sec=0, tm_wday=0, tm_yday=1, tm_isdst=-1)]]
2018-12-11 21:15:56,187 - hot_tub - INFO - [[time.struct_time(tm_year=1900, tm_mon=1, tm_mday=1, tm_hour=0, tm_min=0, tm_sec=0, tm_wday=0, tm_yday=1, tm_isdst=-1), time.struct_time(tm_year=1900, tm_mon=1, tm_mday=1, tm_hour=0, tm_min=30, tm_sec=0, tm_wday=0, tm_yday=1, tm_isdst=-1)], [time.struct_time(tm_year=1900, tm_mon=1, tm_mday=1, tm_hour=2, tm_min=0, tm_sec=0, tm_wday=0, tm_yday=1, tm_isdst=-1), time.struct_time(tm_year=1900, tm_mon=1, tm_mday=1, tm_hour=2, tm_min=30, tm_sec=0, tm_wday=0, tm_yday=1, tm_isdst=-1)], [time.struct_time(tm_year=1900, tm_mon=1, tm_mday=1, tm_hour=6, tm_min=0, tm_sec=0, tm_wday=0, tm_yday=1, tm_isdst=-1), time.struct_time(tm_year=1900, tm_mon=1, tm_mday=1, tm_hour=6, tm_min=30, tm_sec=0, tm_wday=0, tm_yday=1, tm_isdst=-1)], [time.struct_time(tm_year=1900, tm_mon=1, tm_mday=1, tm_hour=6, tm_min=0, tm_sec=0, tm_wday=0, tm_yday=1, tm_isdst=-1), time.struct_time(tm_year=1900, tm_mon=1, tm_mday=1, tm_hour=6, tm_min=30, tm_sec=0, tm_wday=0, tm_yday=1, tm_isdst=-1)], [time.struct_time(tm_year=1900, tm_mon=1, tm_mday=1, tm_hour=10, tm_min=0, tm_sec=0, tm_wday=0, tm_yday=1, tm_isdst=-1), time.struct_time(tm_year=1900, tm_mon=1, tm_mday=1, tm_hour=10, tm_min=30, tm_sec=0, tm_wday=0, tm_yday=1, tm_isdst=-1)], [time.struct_time(tm_year=1900, tm_mon=1, tm_mday=1, tm_hour=14, tm_min=0, tm_sec=0, tm_wday=0, tm_yday=1, tm_isdst=-1), time.struct_time(tm_year=1900, tm_mon=1, tm_mday=1, tm_hour=14, tm_min=30, tm_sec=0, tm_wday=0, tm_yday=1, tm_isdst=-1)], [time.struct_time(tm_year=1900, tm_mon=1, tm_mday=1, tm_hour=18, tm_min=0, tm_sec=0, tm_wday=0, tm_yday=1, tm_isdst=-1), time.struct_time(tm_year=1900, tm_mon=1, tm_mday=1, tm_hour=18, tm_min=30, tm_sec=0, tm_wday=0, tm_yday=1, tm_isdst=-1)]]
2018-12-11 21:17:41,554 - hot_tub - INFO - Turn On
2018-12-11 21:17:41,554 - hot_tub - INFO - Turn On
2018-12-11 21:17:44,830 - hot_tub - INFO - 102
2018-12-11 21:17:44,830 - hot_tub - INFO - 102
2018-12-11 21:17:47,905 - hot_tub - INFO - [[datetime.datetime(1900, 1, 1, 0, 0), datetime.datetime(1900, 1, 1, 0, 30)], [datetime.datetime(1900, 1, 1, 2, 0), datetime.datetime(1900, 1, 1, 2, 30)], [datetime.datetime(1900, 1, 1, 6, 0), datetime.datetime(1900, 1, 1, 6, 30)], [datetime.datetime(1900, 1, 1, 6, 0), datetime.datetime(1900, 1, 1, 6, 30)], [datetime.datetime(1900, 1, 1, 10, 0), datetime.datetime(1900, 1, 1, 10, 30)], [datetime.datetime(1900, 1, 1, 14, 0), datetime.datetime(1900, 1, 1, 14, 30)], [datetime.datetime(1900, 1, 1, 18, 0), datetime.datetime(1900, 1, 1, 18, 30)]]
2018-12-11 21:17:47,905 - hot_tub - INFO - [[datetime.datetime(1900, 1, 1, 0, 0), datetime.datetime(1900, 1, 1, 0, 30)], [datetime.datetime(1900, 1, 1, 2, 0), datetime.datetime(1900, 1, 1, 2, 30)], [datetime.datetime(1900, 1, 1, 6, 0), datetime.datetime(1900, 1, 1, 6, 30)], [datetime.datetime(1900, 1, 1, 6, 0), datetime.datetime(1900, 1, 1, 6, 30)], [datetime.datetime(1900, 1, 1, 10, 0), datetime.datetime(1900, 1, 1, 10, 30)], [datetime.datetime(1900, 1, 1, 14, 0), datetime.datetime(1900, 1, 1, 14, 30)], [datetime.datetime(1900, 1, 1, 18, 0), datetime.datetime(1900, 1, 1, 18, 30)]]
2018-12-11 21:20:00,919 - hot_tub - INFO - Turn On
2018-12-11 21:20:00,919 - hot_tub - INFO - Turn On
2018-12-11 21:20:03,889 - hot_tub - INFO - 102
2018-12-11 21:20:03,889 - hot_tub - INFO - 102
2018-12-11 21:20:06,760 - hot_tub - INFO - [[(0, 0), (0, 30)], [(2, 0), (2, 30)], [(6, 0), (6, 30)], [(6, 0), (6, 30)], [(10, 0), (10, 30)], [(14, 0), (14, 30)], [(18, 0), (18, 30)]]
2018-12-11 21:20:06,760 - hot_tub - INFO - [[(0, 0), (0, 30)], [(2, 0), (2, 30)], [(6, 0), (6, 30)], [(6, 0), (6, 30)], [(10, 0), (10, 30)], [(14, 0), (14, 30)], [(18, 0), (18, 30)]]
2018-12-11 21:38:16,101 - hot_tub - INFO - [datetime.time(0, 0), datetime.time(0, 30)]
2018-12-11 21:38:16,101 - hot_tub - INFO - [datetime.time(0, 0), datetime.time(0, 30)]
2018-12-11 21:38:55,192 - hot_tub - INFO - [datetime.time(0, 0), datetime.time(0, 30)]
2018-12-11 21:38:55,192 - hot_tub - INFO - [datetime.time(0, 0), datetime.time(0, 30)]
2018-12-11 21:48:55,724 - hot_tub - INFO - False
2018-12-11 21:48:55,724 - hot_tub - INFO - False
